<?xml version="1.0" encoding="utf-8"?><testsuites name="pytest tests"><testsuite name="pytest" errors="0" failures="0" skipped="0" tests="8" time="14.780" timestamp="2026-05-17T23:14:29.168804+08:00" hostname="mansonMacBook-Pro.local"><testcase classname="testcase.BannerManager.test_banner.TestBanner" name="test_get_banner_list[base_info0-testcase0]" time="3.880" /><testcase classname="testcase.BannerManager.test_banner.TestBanner" name="test_get_banner_list[base_info1-testcase1]" time="1.480" /><testcase classname="testcase.CashInManager.test_cashIn.TestCashing" name="test_get_channel_list[base_info0-testcase0]" time="1.324" /><testcase classname="testcase.CashInManager.test_cashIn.TestCashing" name="test_per_cashing[base_info0-testcase0]" time="2.103" /><testcase classname="testcase.CashInManager.test_cashIn.TestCashing" name="test_submit_cashing[base_info0-testcase0]" time="1.279" /><testcase classname="testcase.CashInManager.test_cashIn.TestCashing" name="test_submit_cashing[base_info1-testcase1]" time="1.277" /><testcase classname="testcase.GroomManager.test_groomList.TestGroom" name="test_get_groom_list[base_info0-testcase0]" time="1.415" /><testcase classname="testcase.GroomManager.test_groomList.TestGroom" name="test_get_member_info[base_info0-testcase0]" time="1.836" /></testsuite></testsuites>