<?xml version="1.0" encoding="utf-8"?><testsuites name="pytest tests"><testsuite name="pytest" errors="0" failures="0" skipped="0" tests="6" time="7.397" timestamp="2026-05-06T15:04:58.835056+08:00" hostname="mansonMacBook-Pro.local"><testcase classname="testcase.CashInManager.test_cashIn.TestCashing" name="test_get_channel_list[base_info0-testcase0]" time="2.306" /><testcase classname="testcase.CashInManager.test_cashIn.TestCashing" name="test_per_cashing[base_info0-testcase0]" time="0.647" /><testcase classname="testcase.CashInManager.test_cashIn.TestCashing" name="test_submit_cashing[base_info0-testcase0]" time="0.592" /><testcase classname="testcase.CashInManager.test_cashIn.TestCashing" name="test_submit_cashing[base_info1-testcase1]" time="1.326" /><testcase classname="testcase.GroomManager.test_groomList.TestGroom" name="test_get_groom_list[base_info0-testcase0]" time="1.366" /><testcase classname="testcase.GroomManager.test_groomList.TestGroom" name="test_get_member_info[base_info0-testcase0]" time="1.011" /></testsuite></testsuites>